<?xml version="1.0" encoding="UTF-8"?>
<!-- Generated by org.testng.reporters.JUnitXMLReporter -->
<testsuite ignored="0" hostname="DESKTOP-G61E0GK" failures="0" tests="1" name="Default test" time="0.17" errors="0" timestamp="2022-09-18T23:00:24 GMT-07:00">
  <testcase classname="testA.TestNgClass" name="@BeforeTest launchBrowser" time="-1.663567224673E9">
    <failure type="org.testng.TestNGException" message="
Parameter &amp;apos;browser&amp;apos; is required by BeforeTest on method launchBrowser but has not been marked @Optional or defined
in C:\Users\Lenovo\AppData\Local\Temp\testng-eclipse--362307661\testng-customsuite.xml">
      <![CDATA[org.testng.TestNGException: 
Parameter 'browser' is required by BeforeTest on method launchBrowser but has not been marked @Optional or defined
in C:\Users\Lenovo\AppData\Local\Temp\testng-eclipse--362307661\testng-customsuite.xml
at org.testng.internal.Parameters.createParams(Parameters.java:270)
at org.testng.internal.Parameters.createParametersForMethod(Parameters.java:358)
at org.testng.internal.Parameters.createParameters(Parameters.java:700)
at org.testng.internal.Parameters.createConfigurationParameters(Parameters.java:168)
at org.testng.internal.ConfigInvoker.invokeConfigurations(ConfigInvoker.java:302)
at org.testng.TestRunner.invokeTestConfigurations(TestRunner.java:637)
at org.testng.TestRunner.beforeRun(TestRunner.java:627)
at org.testng.TestRunner.run(TestRunner.java:589)
at org.testng.SuiteRunner.runTest(SuiteRunner.java:377)
at org.testng.SuiteRunner.runSequentially(SuiteRunner.java:371)
at org.testng.SuiteRunner.privateRun(SuiteRunner.java:332)
at org.testng.SuiteRunner.run(SuiteRunner.java:276)
at org.testng.SuiteRunnerWorker.runSuite(SuiteRunnerWorker.java:53)
at org.testng.SuiteRunnerWorker.run(SuiteRunnerWorker.java:96)
at org.testng.TestNG.runSuitesSequentially(TestNG.java:1212)
at org.testng.TestNG.runSuitesLocally(TestNG.java:1134)
at org.testng.TestNG.runSuites(TestNG.java:1063)
at org.testng.TestNG.run(TestNG.java:1031)
at org.testng.remote.AbstractRemoteTestNG.run(AbstractRemoteTestNG.java:115)
at org.testng.remote.RemoteTestNG.initAndRun(RemoteTestNG.java:251)
at org.testng.remote.RemoteTestNG.main(RemoteTestNG.java:77)
]]>
    </failure>
  </testcase> <!-- @BeforeTest launchBrowser -->
  <testcase classname="testA.TestNgClass" name="@BeforeClass createPOMObject" time="-1.663567224749E9">
    <skipped/>
  </testcase> <!-- @BeforeClass createPOMObject -->
  <testcase classname="testA.TestNgClass" name="@BeforeMethod beforeMethod" time="-1.663567224778E9">
    <skipped/>
  </testcase> <!-- @BeforeMethod beforeMethod -->
  <testcase classname="testA.TestNgClass" name="@AfterMethod logoutFromapplication" time="-1.663567224796E9">
    <skipped/>
  </testcase> <!-- @AfterMethod logoutFromapplication -->
  <testcase classname="testA.TestNgClass" name="@AfterClass cleanPOMObject" time="-1.663567224802E9">
    <skipped/>
  </testcase> <!-- @AfterClass cleanPOMObject -->
  <testcase classname="testA.TestNgClass" name="@AfterTest cleanBrowser" time="-1.663567224828E9">
    <skipped/>
  </testcase> <!-- @AfterTest cleanBrowser -->
  <testcase classname="testA.TestNgClass" name="test1" time="0.0">
    <skipped/>
  </testcase> <!-- test1 -->
</testsuite> <!-- Default test -->
